<?xml version="1.0" encoding="UTF-8"?><testsuite errors="1" failures="0" name="consultarVuelos" skipped="0" tests="1" time="10.59" timestamp="2022-05-02 06:38:26"><testcase name="check flights"><error message="Arity mismatch: Step Definition 'co.com.choucair.certification.latam.stepdefinitions.VuelosStepDefinitions.check_round_trip_flights() in file:/C:/Users/user/Documents/RETO%20CONOCIMIENTO%20EN%20PRUEBAS/GITRETOCONOCIMIENTOENPRUEBAS/Automatizacion/build/classes/java/test/' with pattern [^check round trip flights$] is declared with 0 parameters. However, the gherkin step has 1 arguments [Table:[[origen], [Pereira]]]. &#10;Step text: check round trip flights" type="cucumber.runtime.CucumberException">Arity mismatch: Step Definition 'co.com.choucair.certification.latam.stepdefinitions.VuelosStepDefinitions.check_round_trip_flights() in file:/C:/Users/user/Documents/RETO%20CONOCIMIENTO%20EN%20PRUEBAS/GITRETOCONOCIMIENTOENPRUEBAS/Automatizacion/build/classes/java/test/' with pattern [^check round trip flights$] is declared with 0 parameters. However, the gherkin step has 1 arguments [Table:[[origen], [Pereira]]]. 
Step text: check round trip flights</error><system-err>Arity mismatch: Step Definition 'co.com.choucair.certification.latam.stepdefinitions.VuelosStepDefinitions.check_round_trip_flights() in file:/C:/Users/user/Documents/RETO%20CONOCIMIENTO%20EN%20PRUEBAS/GITRETOCONOCIMIENTOENPRUEBAS/Automatizacion/build/classes/java/test/' with pattern [^check round trip flights$] is declared with 0 parameters. However, the gherkin step has 1 arguments [Table:[[origen], [Pereira]]]. 
Step text: check round trip flights&#13;
cucumber.runner.Runner.runPickle(Runner.java:80)&#13;
</system-err></testcase></testsuite>